#
# A fatal error has been detected by the Java Runtime Environment:
#
#  SIGSEGV (0xb) at pc=0x0000000101e232b0, pid=6064, tid=18691
#
# JRE version: Java(TM) SE Runtime Environment (8.0_25-b17) (build 1.8.0_25-b17)
# Java VM: Java HotSpot(TM) 64-Bit Server VM (25.25-b02 mixed mode bsd-amd64 compressed oops)
# Problematic frame:
# V  [libjvm.dylib+0x4232b0]  Method::checked_resolve_jmethod_id(_jmethodID*)+0xe
#
# Failed to write core dump. Core dumps have been disabled. To enable core dumping, try "ulimit -c unlimited" before starting Java again
#
# If you would like to submit a bug report, please visit:
#   http://bugreport.sun.com/bugreport/crash.jsp
#

---------------  T H R E A D  ---------------

Current thread (0x00007fd98a00e800):  JavaThread "JDWP Transport Listener: dt_socket" daemon [_thread_in_vm, id=18691, stack(0x000000011b46d000,0x000000011b56d000)]

siginfo: si_signo: 11 (SIGSEGV), si_code: 0 (unknown), si_addr: 0x0000000000000000

Registers:
RAX=0x0000000000000001, RBX=0x000000011b56ca8b, RCX=0x00000001021d6c80, RDX=0x000000011b56ca8b
RSP=0x000000011b56c9d0, RBP=0x000000011b56c9e0, RSI=0x00007fd98a00e800, RDI=0x0540010000000000
R8 =0x0000000000000000, R9 =0x00007fd988c00000, R10=0x0000000000000010, R11=0x00007fd988c00000
R12=0x00007fd98a00e800, R13=0x0540010000000000, R14=0x0540010000000000, R15=0x00007fd988f01b40
RIP=0x0000000101e232b0, EFLAGS=0x0000000000010206, ERR=0x0000000000000000
  TRAPNO=0x000000000000000d

Top of Stack: (sp=0x000000011b56c9d0)
0x000000011b56c9d0:   000000011b56ca8b 000000011b56ca8b
0x000000011b56c9e0:   000000011b56ca40 0000000101d3526e
0x000000011b56c9f0:   00007fd98a00e800 0000000000000000
0x000000011b56ca00:   0000000000000000 0000000000000000
0x000000011b56ca10:   00007fd98a00e800 00007fd98a00e800
0x000000011b56ca20:   000000011b56ca8b 000000011b56ca90
0x000000011b56ca30:   0540010000000000 0000000000000029
0x000000011b56ca40:   000000011b56ca60 000000010293c7dc
0x000000011b56ca50:   0000000000000001 000000011b56cb08
0x000000011b56ca60:   000000011b56cad0 0000000102921263
0x000000011b56ca70:   000000011b56caa0 00007fd9903276b0
0x000000011b56ca80:   0000002f00000032 000000000056cb08
0x000000011b56ca90:   0000000000000000 0000000000000000
0x000000011b56caa0:   0000000000000000 000000011b56cc90
0x000000011b56cab0:   0000000102943eca 00007fd9902773e0
0x000000011b56cac0:   000000011b56cb08 000000010294f588
0x000000011b56cad0:   000000011b56cae0 000000010292135c
0x000000011b56cae0:   000000011b56cd00 000000010292a8f6
0x000000011b56caf0:   0000463900000013 00000000000f0200
0x000000011b56cb00:   00007fd990262600 00007fd989268fdf
0x000000011b56cb10:   00007fd900000581 00007fd99032f530
0x000000011b56cb20:   00007fd90000012c 000000011b56cb58
0x000000011b56cb30:   00007fd988cd0fc0 00007f0000000000
0x000000011b56cb40:   000046390000001c 00007fff0000df80
0x000000011b56cb50:   000000011b56cb58 d97f00002f000000
0x000000011b56cb60:   08000000d0bad388 3e74696e696c633c
0x000000011b56cb70:   0056292803000000 0008000000000000
0x000000011b56cb80:   00c8bad388d97f00 74696e693c060000
0x000000011b56cb90:   562928030000003e 0100000000000000
0x000000011b56cba0:   f0bad388d97f0000 4e74656707000000
0x000000011b56cbb0:   2814000000656d61 6c2f6176616a4c29
0x000000011b56cbc0:   697274532f676e61 00000000003b676e 

Instructions: (pc=0x0000000101e232b0)
0x0000000101e23290:   40 48 48 85 c0 75 e0 30 c0 0f b6 c0 5d c3 31 c0
0x0000000101e232a0:   5d c3 55 48 89 e5 53 48 83 ec 08 48 85 ff 74 24
0x0000000101e232b0:   48 8b 1f 48 85 db 74 1c 48 83 fb 37 74 16 48 8b
0x0000000101e232c0:   03 48 89 df ff 50 10 84 c0 b8 00 00 00 00 48 0f 

Register to memory mapping:

RAX=0x0000000000000001 is an unknown value
RBX=0x000000011b56ca8b is pointing into the stack for thread: 0x00007fd98a00e800
RCX=0x00000001021d6c80: UseMembar+0 in /Library/Java/JavaVirtualMachines/jdk1.8.0_25.jdk/Contents/Home/jre/lib/server/libjvm.dylib at 0x0000000101a00000
RDX=0x000000011b56ca8b is pointing into the stack for thread: 0x00007fd98a00e800
RSP=0x000000011b56c9d0 is pointing into the stack for thread: 0x00007fd98a00e800
RBP=0x000000011b56c9e0 is pointing into the stack for thread: 0x00007fd98a00e800
RSI=0x00007fd98a00e800 is a thread
RDI=0x0540010000000000 is an unknown value
R8 =0x0000000000000000 is an unknown value
R9 =0x00007fd988c00000 is an unknown value
R10=0x0000000000000010 is an unknown value
R11=0x00007fd988c00000 is an unknown value
R12=0x00007fd98a00e800 is a thread
R13=0x0540010000000000 is an unknown value
R14=0x0540010000000000 is an unknown value
R15=0x00007fd988f01b40 is an unknown value


Stack: [0x000000011b46d000,0x000000011b56d000],  sp=0x000000011b56c9d0,  free space=1022k
Native frames: (J=compiled Java code, j=interpreted, Vv=VM code, C=native code)
V  [libjvm.dylib+0x4232b0]  Method::checked_resolve_jmethod_id(_jmethodID*)+0xe
V  [libjvm.dylib+0x33526e]  jvmti_IsMethodSynthetic+0xb2
C  [libjdwp.dylib+0x207dc]  isMethodSynthetic+0x63
C  [libjdwp.dylib+0x5263]  methods1+0x10b
C  [libjdwp.dylib+0x535c]  methodsWithGeneric+0xe
C  [libjdwp.dylib+0xe8f6]  debugLoop_run+0x1ce
C  [libjdwp.dylib+0x1f716]  attachThread+0x4d
V  [libjvm.dylib+0x3762ce]  JvmtiAgentThread::call_start_function()+0x38
V  [libjvm.dylib+0x535ed9]  JavaThread::thread_main_inner()+0x9b
V  [libjvm.dylib+0x53761c]  JavaThread::run()+0x1c2
V  [libjvm.dylib+0x45d87e]  java_start(Thread*)+0xf6
C  [libsystem_pthread.dylib+0x3268]  _pthread_body+0x83
C  [libsystem_pthread.dylib+0x31e5]  _pthread_body+0x0
C  [libsystem_pthread.dylib+0x141d]  thread_start+0xd
C  0x0000000000000000


---------------  P R O C E S S  ---------------

Java Threads: ( => current thread )
  0x00007fd98bae0000 JavaThread "DestroyJavaVM" [_thread_blocked, id=4867, stack(0x0000000100882000,0x0000000100982000)]
  0x00007fd98b2ae000 JavaThread "TimerQueue" daemon [_thread_blocked, id=60279, stack(0x0000000121845000,0x0000000121945000)]
  0x00007fd98a0f5800 JavaThread "Thread-0" [_thread_blocked, id=58895, stack(0x0000000121253000,0x0000000121353000)]
  0x00007fd98a0a6000 JavaThread "AWT-EventQueue-0" [_thread_blocked, id=57615, stack(0x000000012072d000,0x000000012082d000)]
  0x00007fd98a0a5000 JavaThread "Java2D Disposer" daemon [_thread_blocked, id=56583, stack(0x00000001205ba000,0x00000001206ba000)]
  0x00007fd98b127000 JavaThread "Java2D Queue Flusher" daemon [_thread_blocked, id=54279, stack(0x0000000120446000,0x0000000120546000)]
  0x00007fd98a05a000 JavaThread "AWT-Shutdown" [_thread_blocked, id=32019, stack(0x000000011d890000,0x000000011d990000)]
  0x00007fd98b045000 JavaThread "AppKit Thread" daemon [_thread_in_native, id=1811, stack(0x00007fff5eca7000,0x00007fff5f4a7000)]
  0x00007fd98a023000 JavaThread "Service Thread" daemon [_thread_blocked, id=22275, stack(0x000000011bb82000,0x000000011bc82000)]
  0x00007fd98b806800 JavaThread "C1 CompilerThread3" daemon [_thread_blocked, id=21763, stack(0x000000011ba7f000,0x000000011bb7f000)]
  0x00007fd98b805800 JavaThread "C2 CompilerThread2" daemon [_thread_blocked, id=21251, stack(0x000000011b97c000,0x000000011ba7c000)]
  0x00007fd98b805000 JavaThread "C2 CompilerThread1" daemon [_thread_blocked, id=20739, stack(0x000000011b879000,0x000000011b979000)]
  0x00007fd98b803000 JavaThread "C2 CompilerThread0" daemon [_thread_blocked, id=20227, stack(0x000000011b776000,0x000000011b876000)]
  0x00007fd98a022000 JavaThread "JDWP Command Reader" daemon [_thread_in_native, id=19715, stack(0x000000011b673000,0x000000011b773000)]
  0x00007fd98b07d800 JavaThread "JDWP Event Helper Thread" daemon [_thread_blocked, id=19203, stack(0x000000011b570000,0x000000011b670000)]
=>0x00007fd98a00e800 JavaThread "JDWP Transport Listener: dt_socket" daemon [_thread_in_vm, id=18691, stack(0x000000011b46d000,0x000000011b56d000)]
  0x00007fd98b04a800 JavaThread "Signal Dispatcher" daemon [_thread_blocked, id=15627, stack(0x000000011b36a000,0x000000011b46a000)]
  0x00007fd98a01a000 JavaThread "Finalizer" daemon [_thread_blocked, id=13571, stack(0x0000000119945000,0x0000000119a45000)]
  0x00007fd98a019000 JavaThread "Reference Handler" daemon [_thread_blocked, id=13059, stack(0x0000000119842000,0x0000000119942000)]

Other Threads:
  0x00007fd98a014800 VMThread [stack: 0x000000011973f000,0x000000011983f000] [id=12547]
  0x00007fd98b811000 WatcherThread [stack: 0x000000011bc85000,0x000000011bd85000] [id=22787]

VM state:not at safepoint (normal execution)

VM Mutex/Monitor currently owned by a thread: None

Heap:
 PSYoungGen      total 38400K, used 7779K [0x0000000795580000, 0x0000000798000000, 0x00000007c0000000)
  eden space 33280K, 23% used [0x0000000795580000,0x0000000795d18f00,0x0000000797600000)
  from space 5120K, 0% used [0x0000000797600000,0x0000000797600000,0x0000000797b00000)
  to   space 5120K, 0% used [0x0000000797b00000,0x0000000797b00000,0x0000000798000000)
 ParOldGen       total 87552K, used 5206K [0x0000000740000000, 0x0000000745580000, 0x0000000795580000)
  object space 87552K, 5% used [0x0000000740000000,0x0000000740515a78,0x0000000745580000)
 Metaspace       used 17849K, capacity 18290K, committed 18432K, reserved 1064960K
  class space    used 2480K, capacity 2548K, committed 2560K, reserved 1048576K

Card table byte_map: [0x0000000111d27000,0x0000000112128000] byte_map_base: 0x000000010e327000

Marking Bits: (ParMarkBitMap*) 0x000000010229d390
 Begin Bits: [0x0000000112beb000, 0x0000000114beb000)
 End Bits:   [0x0000000114beb000, 0x0000000116beb000)

Polling page: 0x00000001009c6000

CodeCache: size=245760Kb used=7388Kb max_used=7410Kb free=238371Kb
 bounds [0x0000000102967000, 0x00000001030b7000, 0x0000000111967000]
 total_blobs=2678 nmethods=2136 adapters=462
 compilation: enabled

Compilation events (10 events):
Event: 60.697 Thread 0x00007fd98b806800 nmethod 2132 0x000000010308b590 code [0x000000010308b700, 0x000000010308bad0]
Event: 60.698 Thread 0x00007fd98b806800 2133       3       javax.swing.plaf.IconUIResource::getIconWidth (10 bytes)
Event: 60.698 Thread 0x00007fd98b806800 nmethod 2133 0x000000010309a110 code [0x000000010309a280, 0x000000010309a4a8]
Event: 60.698 Thread 0x00007fd98b806800 2134       3       javax.swing.tree.TreePath::hashCode (8 bytes)
Event: 60.698 Thread 0x00007fd98b806800 nmethod 2134 0x0000000103099c90 code [0x0000000103099e00, 0x000000010309a048]
Event: 60.699 Thread 0x00007fd98b805000 nmethod 2131 0x0000000103096950 code [0x0000000103096ac0, 0x0000000103096cc8]
Event: 129.044 Thread 0x00007fd98b806800 2136       3       org.paradise.etrc.view.dynamic.DynamicView::increaseTime (15 bytes)
Event: 129.044 Thread 0x00007fd98b806800 nmethod 2136 0x0000000103099590 code [0x0000000103099700, 0x00000001030998a8]
Event: 129.045 Thread 0x00007fd98b806800 2137       3       org.paradise.etrc.view.dynamic.DynamicView::updateCurrentTime (56 bytes)
Event: 129.046 Thread 0x00007fd98b806800 nmethod 2137 0x0000000103098550 code [0x0000000103098740, 0x0000000103098ff8]

GC Heap History (10 events):
Event: 0.834 GC heap before
{Heap before GC invocations=1 (full 0):
 PSYoungGen      total 38400K, used 33280K [0x0000000795580000, 0x0000000798000000, 0x00000007c0000000)
  eden space 33280K, 100% used [0x0000000795580000,0x0000000797600000,0x0000000797600000)
  from space 5120K, 0% used [0x0000000797b00000,0x0000000797b00000,0x0000000798000000)
  to   space 5120K, 0% used [0x0000000797600000,0x0000000797600000,0x0000000797b00000)
 ParOldGen       total 87552K, used 0K [0x0000000740000000, 0x0000000745580000, 0x0000000795580000)
  object space 87552K, 0% used [0x0000000740000000,0x0000000740000000,0x0000000745580000)
 Metaspace       used 10740K, capacity 10852K, committed 11008K, reserved 1058816K
  class space    used 1412K, capacity 1456K, committed 1536K, reserved 1048576K
Event: 0.839 GC heap after
Heap after GC invocations=1 (full 0):
 PSYoungGen      total 38400K, used 3152K [0x0000000795580000, 0x0000000798000000, 0x00000007c0000000)
  eden space 33280K, 0% used [0x0000000795580000,0x0000000795580000,0x0000000797600000)
  from space 5120K, 61% used [0x0000000797600000,0x0000000797914010,0x0000000797b00000)
  to   space 5120K, 0% used [0x0000000797b00000,0x0000000797b00000,0x0000000798000000)
 ParOldGen       total 87552K, used 8K [0x0000000740000000, 0x0000000745580000, 0x0000000795580000)
  object space 87552K, 0% used [0x0000000740000000,0x0000000740002000,0x0000000745580000)
 Metaspace       used 10740K, capacity 10852K, committed 11008K, reserved 1058816K
  class space    used 1412K, capacity 1456K, committed 1536K, reserved 1048576K
}
Event: 1.908 GC heap before
{Heap before GC invocations=2 (full 0):
 PSYoungGen      total 38400K, used 15084K [0x0000000795580000, 0x0000000798000000, 0x00000007c0000000)
  eden space 33280K, 35% used [0x0000000795580000,0x0000000796127150,0x0000000797600000)
  from space 5120K, 61% used [0x0000000797600000,0x0000000797914010,0x0000000797b00000)
  to   space 5120K, 0% used [0x0000000797b00000,0x0000000797b00000,0x0000000798000000)
 ParOldGen       total 87552K, used 8K [0x0000000740000000, 0x0000000745580000, 0x0000000795580000)
  object space 87552K, 0% used [0x0000000740000000,0x0000000740002000,0x0000000745580000)
 Metaspace       used 16453K, capacity 16818K, committed 17024K, reserved 1064960K
  class space    used 2328K, capacity 2386K, committed 2432K, reserved 1048576K
Event: 1.914 GC heap after
Heap after GC invocations=2 (full 0):
 PSYoungGen      total 38400K, used 5120K [0x0000000795580000, 0x0000000798000000, 0x00000007c0000000)
  eden space 33280K, 0% used [0x0000000795580000,0x0000000795580000,0x0000000797600000)
  from space 5120K, 100% used [0x0000000797b00000,0x0000000798000000,0x0000000798000000)
  to   space 5120K, 0% used [0x0000000797600000,0x0000000797600000,0x0000000797b00000)
 ParOldGen       total 87552K, used 328K [0x0000000740000000, 0x0000000745580000, 0x0000000795580000)
  object space 87552K, 0% used [0x0000000740000000,0x0000000740052000,0x0000000745580000)
 Metaspace       used 16453K, capacity 16818K, committed 17024K, reserved 1064960K
  class space    used 2328K, capacity 2386K, committed 2432K, reserved 1048576K
}
Event: 1.914 GC heap before
{Heap before GC invocations=3 (full 1):
 PSYoungGen      total 38400K, used 5120K [0x0000000795580000, 0x0000000798000000, 0x00000007c0000000)
  eden space 33280K, 0% used [0x0000000795580000,0x0000000795580000,0x0000000797600000)
  from space 5120K, 100% used [0x0000000797b00000,0x0000000798000000,0x0000000798000000)
  to   space 5120K, 0% used [0x0000000797600000,0x0000000797600000,0x0000000797b00000)
 ParOldGen       total 87552K, used 328K [0x0000000740000000, 0x0000000745580000, 0x0000000795580000)
  object space 87552K, 0% used [0x0000000740000000,0x0000000740052000,0x0000000745580000)
 Metaspace       used 16453K, capacity 16818K, committed 17024K, reserved 1064960K
  class space    used 2328K, capacity 2386K, committed 2432K, reserved 1048576K
Event: 1.943 GC heap after
Heap after GC invocations=3 (full 1):
 PSYoungGen      total 38400K, used 0K [0x0000000795580000, 0x0000000798000000, 0x00000007c0000000)
  eden space 33280K, 0% used [0x0000000795580000,0x0000000795580000,0x0000000797600000)
  from space 5120K, 0% used [0x0000000797b00000,0x0000000797b00000,0x0000000798000000)
  to   space 5120K, 0% used [0x0000000797600000,0x0000000797600000,0x0000000797b00000)
 ParOldGen       total 87552K, used 5378K [0x0000000740000000, 0x0000000745580000, 0x0000000795580000)
  object space 87552K, 6% used [0x0000000740000000,0x0000000740540990,0x0000000745580000)
 Metaspace       used 16441K, capacity 16800K, committed 17024K, reserved 1064960K
  class space    used 2322K, capacity 2377K, committed 2432K, reserved 1048576K
}
Event: 1.950 GC heap before
{Heap before GC invocations=4 (full 1):
 PSYoungGen      total 38400K, used 1963K [0x0000000795580000, 0x0000000798000000, 0x00000007c0000000)
  eden space 33280K, 5% used [0x0000000795580000,0x000000079576add8,0x0000000797600000)
  from space 5120K, 0% used [0x0000000797b00000,0x0000000797b00000,0x0000000798000000)
  to   space 5120K, 0% used [0x0000000797600000,0x0000000797600000,0x0000000797b00000)
 ParOldGen       total 87552K, used 5378K [0x0000000740000000, 0x0000000745580000, 0x0000000795580000)
  object space 87552K, 6% used [0x0000000740000000,0x0000000740540990,0x0000000745580000)
 Metaspace       used 16473K, capacity 16864K, committed 17024K, reserved 1064960K
  class space    used 2333K, capacity 2417K, committed 2432K, reserved 1048576K
Event: 1.951 GC heap after
Heap after GC invocations=4 (full 1):
 PSYoungGen      total 38400K, used 192K [0x0000000795580000, 0x0000000798000000, 0x00000007c0000000)
  eden space 33280K, 0% used [0x0000000795580000,0x0000000795580000,0x0000000797600000)
  from space 5120K, 3% used [0x0000000797600000,0x0000000797630000,0x0000000797b00000)
  to   space 5120K, 0% used [0x0000000797b00000,0x0000000797b00000,0x0000000798000000)
 ParOldGen       total 87552K, used 5386K [0x0000000740000000, 0x0000000745580000, 0x0000000795580000)
  object space 87552K, 6% used [0x0000000740000000,0x0000000740542990,0x0000000745580000)
 Metaspace       used 16473K, capacity 16864K, committed 17024K, reserved 1064960K
  class space    used 2333K, capacity 2417K, committed 2432K, reserved 1048576K
}
Event: 1.951 GC heap before
{Heap before GC invocations=5 (full 2):
 PSYoungGen      total 38400K, used 192K [0x0000000795580000, 0x0000000798000000, 0x00000007c0000000)
  eden space 33280K, 0% used [0x0000000795580000,0x0000000795580000,0x0000000797600000)
  from space 5120K, 3% used [0x0000000797600000,0x0000000797630000,0x0000000797b00000)
  to   space 5120K, 0% used [0x0000000797b00000,0x0000000797b00000,0x0000000798000000)
 ParOldGen       total 87552K, used 5386K [0x0000000740000000, 0x0000000745580000, 0x0000000795580000)
  object space 87552K, 6% used [0x0000000740000000,0x0000000740542990,0x0000000745580000)
 Metaspace       used 16473K, capacity 16864K, committed 17024K, reserved 1064960K
  class space    used 2333K, capacity 2417K, committed 2432K, reserved 1048576K
Event: 2.000 GC heap after
Heap after GC invocations=5 (full 2):
 PSYoungGen      total 38400K, used 0K [0x0000000795580000, 0x0000000798000000, 0x00000007c0000000)
  eden space 33280K, 0% used [0x0000000795580000,0x0000000795580000,0x0000000797600000)
  from space 5120K, 0% used [0x0000000797600000,0x0000000797600000,0x0000000797b00000)
  to   space 5120K, 0% used [0x0000000797b00000,0x0000000797b00000,0x0000000798000000)
 ParOldGen       total 87552K, used 5206K [0x0000000740000000, 0x0000000745580000, 0x0000000795580000)
  object space 87552K, 5% used [0x0000000740000000,0x0000000740515a78,0x0000000745580000)
 Metaspace       used 16473K, capacity 16864K, committed 17024K, reserved 1064960K
  class space    used 2333K, capacity 2417K, committed 2432K, reserved 1048576K
}

Deoptimization events (10 events):
Event: 1.834 Thread 0x00007fd98a004000 Uncommon trap: reason=null_check action=make_not_entrant pc=0x0000000102db45bc method=java.awt.Component.isLightweight()Z @ 4
Event: 1.898 Thread 0x00007fd98a004000 Uncommon trap: reason=bimorphic action=maybe_recompile pc=0x0000000102da1ee0 method=java.util.regex.Matcher.search(I)Z @ 86
Event: 1.898 Thread 0x00007fd98a004000 Uncommon trap: reason=bimorphic action=maybe_recompile pc=0x0000000102da1ee0 method=java.util.regex.Matcher.search(I)Z @ 86
Event: 1.903 Thread 0x00007fd98a004000 Uncommon trap: reason=unreached action=reinterpret pc=0x0000000102da7570 method=java.beans.ChangeListenerMap.get(Ljava/lang/String;)[Ljava/util/EventListener; @ 4
Event: 1.947 Thread 0x00007fd98a004000 Uncommon trap: reason=unreached action=reinterpret pc=0x0000000102cfbca8 method=java.util.HashMap.putVal(ILjava/lang/Object;Ljava/lang/Object;ZZ)Ljava/lang/Object; @ 81
Event: 2.057 Thread 0x00007fd98a004000 Uncommon trap: reason=class_check action=maybe_recompile pc=0x0000000102bf1078 method=java.util.AbstractCollection.toArray([Ljava/lang/Object;)[Ljava/lang/Object; @ 1
Event: 2.057 Thread 0x00007fd98a004000 Uncommon trap: reason=class_check action=maybe_recompile pc=0x0000000102bf1078 method=java.util.AbstractCollection.toArray([Ljava/lang/Object;)[Ljava/lang/Object; @ 1
Event: 2.057 Thread 0x00007fd98a004000 Uncommon trap: reason=class_check action=maybe_recompile pc=0x0000000102bf1078 method=java.util.AbstractCollection.toArray([Ljava/lang/Object;)[Ljava/lang/Object; @ 1
Event: 2.058 Thread 0x00007fd98a004000 Uncommon trap: reason=unreached action=reinterpret pc=0x0000000102d07750 method=java.util.HashMap.putVal(ILjava/lang/Object;Ljava/lang/Object;ZZ)Ljava/lang/Object; @ 81
Event: 2.174 Thread 0x00007fd98a0a6000 Uncommon trap: reason=unloaded action=reinterpret pc=0x0000000102caa364 method=java.lang.CharacterData.of(I)Ljava/lang/CharacterData; @ 96

Internal exceptions (10 events):
Event: 1.893 Thread 0x00007fd98a004000 Exception <a 'java/io/FileNotFoundException'> (0x000000079607f0d0) thrown at [/HUDSON3/workspace/8-2-build-macosx-x86_64/jdk8u25/1514/hotspot/src/share/vm/prims/jni.cpp, line 716]
Event: 1.894 Thread 0x00007fd98a004000 Exception <a 'java/io/FileNotFoundException'> (0x0000000796081890) thrown at [/HUDSON3/workspace/8-2-build-macosx-x86_64/jdk8u25/1514/hotspot/src/share/vm/prims/jni.cpp, line 716]
Event: 1.895 Thread 0x00007fd98a004000 Exception <a 'java/security/PrivilegedActionException'> (0x0000000796085400) thrown at [/HUDSON3/workspace/8-2-build-macosx-x86_64/jdk8u25/1514/hotspot/src/share/vm/prims/jvm.cpp, line 1312]
Event: 1.895 Thread 0x00007fd98a004000 Exception <a 'java/security/PrivilegedActionException'> (0x0000000796087780) thrown at [/HUDSON3/workspace/8-2-build-macosx-x86_64/jdk8u25/1514/hotspot/src/share/vm/prims/jvm.cpp, line 1312]
Event: 1.896 Thread 0x00007fd98a004000 Exception <a 'java/security/PrivilegedActionException'> (0x000000079608d050) thrown at [/HUDSON3/workspace/8-2-build-macosx-x86_64/jdk8u25/1514/hotspot/src/share/vm/prims/jvm.cpp, line 1312]
Event: 1.903 Thread 0x00007fd98a004000 Implicit null exception at 0x0000000102da5f73 to 0x0000000102da7525
Event: 1.945 Thread 0x00007fd98a01a000 Exception <a 'java/lang/NullPointerException'> (0x00000007956c4740) thrown at [/HUDSON3/workspace/8-2-build-macosx-x86_64/jdk8u25/1514/hotspot/src/share/vm/interpreter/linkResolver.cpp, line 1178]
Event: 1.946 Thread 0x00007fd98a01a000 Exception <a 'java/lang/NullPointerException'> (0x00000007956c4c40) thrown at [/HUDSON3/workspace/8-2-build-macosx-x86_64/jdk8u25/1514/hotspot/src/share/vm/interpreter/linkResolver.cpp, line 1178]
Event: 2.004 Thread 0x00007fd98a004000 Exception <a 'java/security/PrivilegedActionException'> (0x0000000795585708) thrown at [/HUDSON3/workspace/8-2-build-macosx-x86_64/jdk8u25/1514/hotspot/src/share/vm/prims/jvm.cpp, line 1312]
Event: 2.320 Thread 0x00007fd98a0a6000 Exception <a 'java/security/PrivilegedActionException'> (0x0000000795911318) thrown at [/HUDSON3/workspace/8-2-build-macosx-x86_64/jdk8u25/1514/hotspot/src/share/vm/prims/jvm.cpp, line 1312]

Events (10 events):
Event: 44.579 loading class org/paradise/etrc/data/TrainGraphPart
Event: 44.579 loading class org/paradise/etrc/data/TrainGraphPart done
Event: 44.580 loading class org/paradise/etrc/data/Train
Event: 44.580 loading class org/paradise/etrc/data/Train done
Event: 44.580 loading class org/paradise/etrc/data/Train
Event: 44.580 loading class org/paradise/etrc/data/Train done
Event: 44.581 loading class org/paradise/etrc/data/TrainRef
Event: 44.581 loading class org/paradise/etrc/data/TrainRef done
Event: 137.919 Executing VM operation: RedefineClasses
Event: 137.933 Executing VM operation: RedefineClasses done


Dynamic libraries:
0x0000000000a84000 	/System/Library/Frameworks/Cocoa.framework/Versions/A/Cocoa
0x0000000000a84000 	/System/Library/Frameworks/Security.framework/Versions/A/Security
0x0000000000a84000 	/System/Library/Frameworks/ApplicationServices.framework/Versions/A/ApplicationServices
0x0000000000a84000 	/usr/lib/libz.1.dylib
0x0000000000a84000 	/usr/lib/libSystem.B.dylib
0x0000000000a84000 	/usr/lib/libobjc.A.dylib
0x0000000000a84000 	/System/Library/Frameworks/CoreFoundation.framework/Versions/A/CoreFoundation
0x0000000000a84000 	/System/Library/Frameworks/Foundation.framework/Versions/C/Foundation
0x0000000000a84000 	/System/Library/Frameworks/AppKit.framework/Versions/C/AppKit
0x0000000000a84000 	/System/Library/Frameworks/CoreData.framework/Versions/A/CoreData
0x0000000000a84000 	/System/Library/PrivateFrameworks/RemoteViewServices.framework/Versions/A/RemoteViewServices
0x0000000000a84000 	/System/Library/PrivateFrameworks/UIFoundation.framework/Versions/A/UIFoundation
0x0000000000a84000 	/System/Library/Frameworks/IOSurface.framework/Versions/A/IOSurface
0x0000000000a84000 	/System/Library/Frameworks/AudioToolbox.framework/Versions/A/AudioToolbox
0x0000000000a84000 	/System/Library/Frameworks/AudioUnit.framework/Versions/A/AudioUnit
0x0000000000a84000 	/System/Library/PrivateFrameworks/DataDetectorsCore.framework/Versions/A/DataDetectorsCore
0x0000000000a84000 	/System/Library/PrivateFrameworks/DesktopServicesPriv.framework/Versions/A/DesktopServicesPriv
0x0000000000a84000 	/System/Library/Frameworks/Carbon.framework/Versions/A/Frameworks/HIToolbox.framework/Versions/A/HIToolbox
0x0000000000a84000 	/System/Library/Frameworks/QuartzCore.framework/Versions/A/QuartzCore
0x0000000000a84000 	/System/Library/Frameworks/Carbon.framework/Versions/A/Frameworks/SpeechRecognition.framework/Versions/A/SpeechRecognition
0x0000000000a84000 	/usr/lib/libauto.dylib
0x0000000000a84000 	/usr/lib/libicucore.A.dylib
0x0000000000a84000 	/usr/lib/libxml2.2.dylib
0x0000000000a84000 	/System/Library/PrivateFrameworks/CoreUI.framework/Versions/A/CoreUI
0x0000000000a84000 	/System/Library/Frameworks/CoreAudio.framework/Versions/A/CoreAudio
0x0000000000a84000 	/System/Library/Frameworks/DiskArbitration.framework/Versions/A/DiskArbitration
0x0000000000a84000 	/usr/lib/liblangid.dylib
0x0000000000a84000 	/System/Library/PrivateFrameworks/MultitouchSupport.framework/Versions/A/MultitouchSupport
0x0000000000a84000 	/System/Library/Frameworks/IOKit.framework/Versions/A/IOKit
0x0000000000a84000 	/usr/lib/libDiagnosticMessagesClient.dylib
0x0000000000a84000 	/System/Library/Frameworks/CoreServices.framework/Versions/A/CoreServices
0x0000000000a84000 	/System/Library/PrivateFrameworks/PerformanceAnalysis.framework/Versions/A/PerformanceAnalysis
0x0000000000a84000 	/System/Library/PrivateFrameworks/GenerationalStorage.framework/Versions/A/GenerationalStorage
0x0000000000a84000 	/System/Library/Frameworks/OpenGL.framework/Versions/A/OpenGL
0x0000000000a84000 	/System/Library/PrivateFrameworks/Sharing.framework/Versions/A/Sharing
0x0000000000a84000 	/System/Library/Frameworks/CoreGraphics.framework/Versions/A/CoreGraphics
0x0000000000a84000 	/System/Library/Frameworks/CoreText.framework/Versions/A/CoreText
0x0000000000a84000 	/System/Library/Frameworks/ImageIO.framework/Versions/A/ImageIO
0x0000000000a84000 	/usr/lib/libextension.dylib
0x0000000000a84000 	/System/Library/PrivateFrameworks/Backup.framework/Versions/A/Backup
0x0000000000a84000 	/usr/lib/libarchive.2.dylib
0x0000000000a84000 	/System/Library/Frameworks/CFNetwork.framework/Versions/A/CFNetwork
0x0000000000a84000 	/System/Library/Frameworks/SystemConfiguration.framework/Versions/A/SystemConfiguration
0x0000000000a84000 	/usr/lib/libCRFSuite.dylib
0x0000000000a84000 	/usr/lib/libc++.1.dylib
0x0000000000a84000 	/usr/lib/libc++abi.dylib
0x0000000000a84000 	/usr/lib/system/libcache.dylib
0x0000000000a84000 	/usr/lib/system/libcommonCrypto.dylib
0x0000000000a84000 	/usr/lib/system/libcompiler_rt.dylib
0x0000000000a84000 	/usr/lib/system/libcopyfile.dylib
0x0000000000a84000 	/usr/lib/system/libcorecrypto.dylib
0x0000000000a84000 	/usr/lib/system/libdispatch.dylib
0x0000000000a84000 	/usr/lib/system/libdyld.dylib
0x0000000000a84000 	/usr/lib/system/libkeymgr.dylib
0x0000000000a84000 	/usr/lib/system/liblaunch.dylib
0x0000000000a84000 	/usr/lib/system/libmacho.dylib
0x0000000000a84000 	/usr/lib/system/libquarantine.dylib
0x0000000000a84000 	/usr/lib/system/libremovefile.dylib
0x0000000000a84000 	/usr/lib/system/libsystem_asl.dylib
0x0000000000a84000 	/usr/lib/system/libsystem_blocks.dylib
0x0000000000a84000 	/usr/lib/system/libsystem_c.dylib
0x0000000000a84000 	/usr/lib/system/libsystem_configuration.dylib
0x0000000000a84000 	/usr/lib/system/libsystem_coreservices.dylib
0x0000000000a84000 	/usr/lib/system/libsystem_coretls.dylib
0x0000000000a84000 	/usr/lib/system/libsystem_dnssd.dylib
0x0000000000a84000 	/usr/lib/system/libsystem_info.dylib
0x0000000000a84000 	/usr/lib/system/libsystem_kernel.dylib
0x0000000000a84000 	/usr/lib/system/libsystem_m.dylib
0x0000000000a84000 	/usr/lib/system/libsystem_malloc.dylib
0x0000000000a84000 	/usr/lib/system/libsystem_network.dylib
0x0000000000a84000 	/usr/lib/system/libsystem_networkextension.dylib
0x0000000000a84000 	/usr/lib/system/libsystem_notify.dylib
0x0000000000a84000 	/usr/lib/system/libsystem_platform.dylib
0x0000000000a84000 	/usr/lib/system/libsystem_pthread.dylib
0x0000000000a84000 	/usr/lib/system/libsystem_sandbox.dylib
0x0000000000a84000 	/usr/lib/system/libsystem_secinit.dylib
0x0000000000a84000 	/usr/lib/system/libsystem_stats.dylib
0x0000000000a84000 	/usr/lib/system/libsystem_trace.dylib
0x0000000000a84000 	/usr/lib/system/libunc.dylib
0x0000000000a84000 	/usr/lib/system/libunwind.dylib
0x0000000000a84000 	/usr/lib/system/libxpc.dylib
0x0000000000a84000 	/usr/lib/libbz2.1.0.dylib
0x0000000000a84000 	/usr/lib/liblzma.5.dylib
0x0000000000a84000 	/usr/lib/libbsm.0.dylib
0x0000000000a84000 	/usr/lib/libsqlite3.dylib
0x0000000000a84000 	/usr/lib/system/libkxld.dylib
0x0000000000a84000 	/usr/lib/libxar.1.dylib
0x0000000000a84000 	/usr/lib/libpam.2.dylib
0x0000000000a84000 	/usr/lib/libOpenScriptingUtil.dylib
0x0000000000a84000 	/System/Library/Frameworks/CoreServices.framework/Versions/A/Frameworks/FSEvents.framework/Versions/A/FSEvents
0x0000000000a84000 	/System/Library/Frameworks/CoreServices.framework/Versions/A/Frameworks/CarbonCore.framework/Versions/A/CarbonCore
0x0000000000a84000 	/System/Library/Frameworks/CoreServices.framework/Versions/A/Frameworks/Metadata.framework/Versions/A/Metadata
0x0000000000a84000 	/System/Library/Frameworks/CoreServices.framework/Versions/A/Frameworks/OSServices.framework/Versions/A/OSServices
0x0000000000a84000 	/System/Library/Frameworks/CoreServices.framework/Versions/A/Frameworks/SearchKit.framework/Versions/A/SearchKit
0x0000000000a84000 	/System/Library/Frameworks/CoreServices.framework/Versions/A/Frameworks/AE.framework/Versions/A/AE
0x0000000000a84000 	/System/Library/Frameworks/CoreServices.framework/Versions/A/Frameworks/LaunchServices.framework/Versions/A/LaunchServices
0x0000000000a84000 	/System/Library/Frameworks/CoreServices.framework/Versions/A/Frameworks/DictionaryServices.framework/Versions/A/DictionaryServices
0x0000000000a84000 	/System/Library/Frameworks/NetFS.framework/Versions/A/NetFS
0x0000000000a84000 	/System/Library/PrivateFrameworks/NetAuth.framework/Versions/A/NetAuth
0x0000000000a84000 	/System/Library/PrivateFrameworks/login.framework/Versions/A/Frameworks/loginsupport.framework/Versions/A/loginsupport
0x0000000000a84000 	/System/Library/PrivateFrameworks/TCC.framework/Versions/A/TCC
0x0000000000a84000 	/usr/lib/libmecabra.dylib
0x0000000000a84000 	/System/Library/Frameworks/ApplicationServices.framework/Versions/A/Frameworks/ATS.framework/Versions/A/ATS
0x0000000000a84000 	/System/Library/Frameworks/ApplicationServices.framework/Versions/A/Frameworks/ColorSync.framework/Versions/A/ColorSync
0x0000000000a84000 	/System/Library/Frameworks/ApplicationServices.framework/Versions/A/Frameworks/HIServices.framework/Versions/A/HIServices
0x0000000000a84000 	/System/Library/Frameworks/ApplicationServices.framework/Versions/A/Frameworks/LangAnalysis.framework/Versions/A/LangAnalysis
0x0000000000a84000 	/System/Library/Frameworks/ApplicationServices.framework/Versions/A/Frameworks/PrintCore.framework/Versions/A/PrintCore
0x0000000000a84000 	/System/Library/Frameworks/ApplicationServices.framework/Versions/A/Frameworks/QD.framework/Versions/A/QD
0x0000000000a84000 	/System/Library/Frameworks/ApplicationServices.framework/Versions/A/Frameworks/SpeechSynthesis.framework/Versions/A/SpeechSynthesis
0x0000000000a84000 	/System/Library/Frameworks/Accelerate.framework/Versions/A/Accelerate
0x0000000000a84000 	/System/Library/Frameworks/Accelerate.framework/Versions/A/Frameworks/vImage.framework/Versions/A/vImage
0x0000000000a84000 	/System/Library/Frameworks/Accelerate.framework/Versions/A/Frameworks/vecLib.framework/Versions/A/vecLib
0x0000000000a84000 	/System/Library/Frameworks/Accelerate.framework/Versions/A/Frameworks/vecLib.framework/Versions/A/libvDSP.dylib
0x0000000000a84000 	/System/Library/Frameworks/Accelerate.framework/Versions/A/Frameworks/vecLib.framework/Versions/A/libvMisc.dylib
0x0000000000a84000 	/System/Library/Frameworks/Accelerate.framework/Versions/A/Frameworks/vecLib.framework/Versions/A/libLAPACK.dylib
0x0000000000a84000 	/System/Library/Frameworks/Accelerate.framework/Versions/A/Frameworks/vecLib.framework/Versions/A/libBLAS.dylib
0x0000000000a84000 	/System/Library/Frameworks/Accelerate.framework/Versions/A/Frameworks/vecLib.framework/Versions/A/libLinearAlgebra.dylib
0x0000000000a84000 	/System/Library/Frameworks/ApplicationServices.framework/Versions/A/Frameworks/ATS.framework/Versions/A/Resources/libFontParser.dylib
0x0000000000a84000 	/System/Library/Frameworks/ApplicationServices.framework/Versions/A/Frameworks/ATS.framework/Versions/A/Resources/libFontRegistry.dylib
0x0000000000a84000 	/System/Library/PrivateFrameworks/AppleVPA.framework/Versions/A/AppleVPA
0x0000000000a84000 	/System/Library/PrivateFrameworks/AppleJPEG.framework/Versions/A/AppleJPEG
0x0000000000a84000 	/System/Library/Frameworks/ImageIO.framework/Versions/A/Resources/libJPEG.dylib
0x0000000000a84000 	/System/Library/Frameworks/ImageIO.framework/Versions/A/Resources/libTIFF.dylib
0x0000000000a84000 	/System/Library/Frameworks/ImageIO.framework/Versions/A/Resources/libPng.dylib
0x0000000000a84000 	/System/Library/Frameworks/ImageIO.framework/Versions/A/Resources/libGIF.dylib
0x0000000000a84000 	/System/Library/Frameworks/ImageIO.framework/Versions/A/Resources/libJP2.dylib
0x0000000000a84000 	/System/Library/Frameworks/ImageIO.framework/Versions/A/Resources/libRadiance.dylib
0x0000000000a84000 	/System/Library/Frameworks/CoreVideo.framework/Versions/A/CoreVideo
0x0000000000a84000 	/System/Library/Frameworks/OpenGL.framework/Versions/A/Libraries/libGLU.dylib
0x0000000000a84000 	/System/Library/Frameworks/OpenGL.framework/Versions/A/Libraries/libGFXShared.dylib
0x0000000000a84000 	/System/Library/Frameworks/OpenGL.framework/Versions/A/Libraries/libGL.dylib
0x0000000000a84000 	/System/Library/Frameworks/OpenGL.framework/Versions/A/Libraries/libGLImage.dylib
0x0000000000a84000 	/System/Library/Frameworks/OpenGL.framework/Versions/A/Libraries/libCVMSPluginSupport.dylib
0x0000000000a84000 	/System/Library/Frameworks/OpenGL.framework/Versions/A/Libraries/libCoreVMClient.dylib
0x0000000000a84000 	/usr/lib/libcups.2.dylib
0x0000000000a84000 	/System/Library/Frameworks/Kerberos.framework/Versions/A/Kerberos
0x0000000000a84000 	/System/Library/Frameworks/GSS.framework/Versions/A/GSS
0x0000000000a84000 	/usr/lib/libresolv.9.dylib
0x0000000000a84000 	/usr/lib/libiconv.2.dylib
0x0000000000a84000 	/System/Library/PrivateFrameworks/Heimdal.framework/Versions/A/Heimdal
0x0000000000a84000 	/usr/lib/libheimdal-asn1.dylib
0x0000000000a84000 	/System/Library/Frameworks/OpenDirectory.framework/Versions/A/OpenDirectory
0x0000000000a84000 	/System/Library/PrivateFrameworks/CommonAuth.framework/Versions/A/CommonAuth
0x0000000000a84000 	/System/Library/Frameworks/OpenDirectory.framework/Versions/A/Frameworks/CFOpenDirectory.framework/Versions/A/CFOpenDirectory
0x0000000000a84000 	/System/Library/Frameworks/SecurityFoundation.framework/Versions/A/SecurityFoundation
0x0000000000a84000 	/System/Library/PrivateFrameworks/LanguageModeling.framework/Versions/A/LanguageModeling
0x0000000000a84000 	/usr/lib/libcmph.dylib
0x0000000000a84000 	/System/Library/Frameworks/ServiceManagement.framework/Versions/A/ServiceManagement
0x0000000000a84000 	/usr/lib/libxslt.1.dylib
0x0000000000a84000 	/System/Library/Frameworks/Carbon.framework/Versions/A/Frameworks/Ink.framework/Versions/A/Ink
0x0000000000a84000 	/System/Library/Frameworks/QuartzCore.framework/Versions/A/Frameworks/CoreImage.framework/Versions/A/CoreImage
0x0000000000a84000 	/System/Library/PrivateFrameworks/CrashReporterSupport.framework/Versions/A/CrashReporterSupport
0x0000000000a84000 	/System/Library/Frameworks/OpenCL.framework/Versions/A/OpenCL
0x0000000000a84000 	/System/Library/PrivateFrameworks/FaceCore.framework/Versions/A/FaceCore
0x0000000000a84000 	/System/Library/PrivateFrameworks/Ubiquity.framework/Versions/A/Ubiquity
0x0000000000a84000 	/System/Library/PrivateFrameworks/IconServices.framework/Versions/A/IconServices
0x0000000000a84000 	/System/Library/PrivateFrameworks/ChunkingLibrary.framework/Versions/A/ChunkingLibrary
0x0000000000a84000 	/System/Library/PrivateFrameworks/Apple80211.framework/Versions/A/Apple80211
0x0000000000a84000 	/System/Library/Frameworks/CoreWLAN.framework/Versions/A/CoreWLAN
0x0000000000a84000 	/System/Library/Frameworks/IOBluetooth.framework/Versions/A/IOBluetooth
0x0000000000a84000 	/System/Library/PrivateFrameworks/CoreWiFi.framework/Versions/A/CoreWiFi
0x0000000000a84000 	/System/Library/Frameworks/CoreBluetooth.framework/Versions/A/CoreBluetooth
0x0000000000a84000 	/System/Library/PrivateFrameworks/DebugSymbols.framework/Versions/A/DebugSymbols
0x0000000000a84000 	/System/Library/PrivateFrameworks/CoreSymbolication.framework/Versions/A/CoreSymbolication
0x0000000000a84000 	/System/Library/PrivateFrameworks/Symbolication.framework/Versions/A/Symbolication
0x0000000000a84000 	/System/Library/PrivateFrameworks/SpeechRecognitionCore.framework/Versions/A/SpeechRecognitionCore
0x00000001007a4000 	/System/Library/CoreServices/Encodings/libSimplifiedChineseConverter.dylib
0x0000000101a00000 	/Library/Java/JavaVirtualMachines/jdk1.8.0_25.jdk/Contents/Home/jre/lib/server/libjvm.dylib
0x0000000000a84000 	/usr/lib/libstdc++.6.dylib
0x0000000100984000 	/Library/Java/JavaVirtualMachines/jdk1.8.0_25.jdk/Contents/Home/jre/lib/libverify.dylib
0x0000000100992000 	/Library/Java/JavaVirtualMachines/jdk1.8.0_25.jdk/Contents/Home/jre/lib/libjava.dylib
0x000000010291c000 	/Library/Java/JavaVirtualMachines/jdk1.8.0_25.jdk/Contents/Home/jre/lib/libjdwp.dylib
0x00000001009c7000 	/Library/Java/JavaVirtualMachines/jdk1.8.0_25.jdk/Contents/Home/jre/lib/libnpt.dylib
0x00000001009d4000 	/Library/Java/JavaVirtualMachines/jdk1.8.0_25.jdk/Contents/Home/jre/lib/libzip.dylib
0x0000000119a47000 	/System/Library/Frameworks/JavaVM.framework/Frameworks/JavaRuntimeSupport.framework/JavaRuntimeSupport
0x0000000119a5d000 	/System/Library/Frameworks/JavaVM.framework/Versions/A/Frameworks/JavaNativeFoundation.framework/Versions/A/JavaNativeFoundation
0x0000000119a71000 	/System/Library/Frameworks/JavaVM.framework/Versions/A/JavaVM
0x0000000000a84000 	/System/Library/Frameworks/Carbon.framework/Versions/A/Carbon
0x0000000119a7d000 	/System/Library/PrivateFrameworks/JavaLaunching.framework/Versions/A/JavaLaunching
0x0000000000a84000 	/System/Library/Frameworks/Carbon.framework/Versions/A/Frameworks/CommonPanels.framework/Versions/A/CommonPanels
0x0000000000a84000 	/System/Library/Frameworks/Carbon.framework/Versions/A/Frameworks/Help.framework/Versions/A/Help
0x0000000000a84000 	/System/Library/Frameworks/Carbon.framework/Versions/A/Frameworks/ImageCapture.framework/Versions/A/ImageCapture
0x0000000000a84000 	/System/Library/Frameworks/Carbon.framework/Versions/A/Frameworks/OpenScripting.framework/Versions/A/OpenScripting
0x0000000000a84000 	/System/Library/Frameworks/Carbon.framework/Versions/A/Frameworks/Print.framework/Versions/A/Print
0x0000000000a84000 	/System/Library/Frameworks/Carbon.framework/Versions/A/Frameworks/SecurityHI.framework/Versions/A/SecurityHI
0x0000000119b8e000 	/Library/Java/JavaVirtualMachines/jdk1.8.0_25.jdk/Contents/Home/jre/lib/libdt_socket.dylib
0x000000011bd96000 	/Library/Java/JavaVirtualMachines/jdk1.8.0_25.jdk/Contents/Home/jre/lib/libawt.dylib
0x000000011be45000 	/Library/Java/JavaVirtualMachines/jdk1.8.0_25.jdk/Contents/Home/jre/lib/./libmlib_image.dylib
0x000000011bf11000 	/Library/Java/JavaVirtualMachines/jdk1.8.0_25.jdk/Contents/Home/jre/lib/libawt_lwawt.dylib
0x000000011bfc4000 	/Library/Java/JavaVirtualMachines/jdk1.8.0_25.jdk/Contents/Home/jre/lib/./libosxapp.dylib
0x0000000000a84000 	/System/Library/Frameworks/ExceptionHandling.framework/Versions/A/ExceptionHandling
0x0000000000a84000 	/System/Library/PrivateFrameworks/CoreServicesInternal.framework/Versions/A/CoreServicesInternal
0x0000000000a84000 	/System/Library/PrivateFrameworks/CloudDocs.framework/Versions/A/CloudDocs
0x0000000000a84000 	/System/Library/PrivateFrameworks/CoreDuet.framework/Versions/A/CoreDuet
0x0000000000a84000 	/System/Library/Frameworks/CloudKit.framework/Versions/A/CloudKit
0x0000000000a84000 	/System/Library/PrivateFrameworks/ProtocolBuffer.framework/Versions/A/ProtocolBuffer
0x0000000000a84000 	/System/Library/PrivateFrameworks/CoreDuetDaemonProtocol.framework/Versions/A/CoreDuetDaemonProtocol
0x0000000000a84000 	/System/Library/PrivateFrameworks/CoreDuetDebugLogging.framework/Versions/A/CoreDuetDebugLogging
0x0000000000a84000 	/System/Library/PrivateFrameworks/MMCS.framework/Versions/A/MMCS
0x0000000000a84000 	/System/Library/Frameworks/CoreLocation.framework/Versions/A/CoreLocation
0x0000000000a84000 	/System/Library/PrivateFrameworks/ProtectedCloudStorage.framework/Versions/A/ProtectedCloudStorage
0x0000000000a84000 	/System/Library/PrivateFrameworks/GeoServices.framework/Versions/A/GeoServices
0x0000000000a84000 	/System/Library/Frameworks/CoreGraphics.framework/Versions/A/Resources/libCGCMS.A.dylib
0x0000000000a84000 	/System/Library/Frameworks/CoreGraphics.framework/Versions/A/Resources/libRIP.A.dylib
0x0000000000a84000 	/System/Library/Frameworks/CoreGraphics.framework/Versions/A/Resources/libCGXType.A.dylib
0x0000000000a84000 	/System/Library/Frameworks/OpenCL.framework/Versions/A/Libraries/libcldcpuengine.dylib
0x0000000000a84000 	/System/Library/PrivateFrameworks/DiskImages.framework/Versions/A/DiskImages
0x0000000000a84000 	/System/Library/Frameworks/DiscRecording.framework/Versions/A/DiscRecording
0x0000000000a84000 	/usr/lib/libcsfde.dylib
0x0000000000a84000 	/usr/lib/libcurl.4.dylib
0x0000000000a84000 	/System/Library/PrivateFrameworks/MediaKit.framework/Versions/A/MediaKit
0x0000000000a84000 	/usr/lib/libCoreStorage.dylib
0x0000000000a84000 	/System/Library/PrivateFrameworks/EFILogin.framework/Versions/A/EFILogin
0x0000000000a84000 	/usr/lib/libutil.dylib
0x0000000000a84000 	/System/Library/PrivateFrameworks/FindMyDevice.framework/Versions/A/FindMyDevice
0x0000000000a84000 	/System/Library/Frameworks/LDAP.framework/Versions/A/LDAP
0x0000000000a84000 	/usr/lib/libsasl2.2.dylib
0x0000000000a84000 	/System/Library/PrivateFrameworks/CoreDaemon.framework/Versions/B/CoreDaemon
0x0000000000a84000 	/usr/lib/libcrypto.0.9.8.dylib
0x0000000000a84000 	/System/Library/PrivateFrameworks/AppleSRP.framework/Versions/A/AppleSRP
0x0000000000a84000 	/System/Library/PrivateFrameworks/TrustEvaluationAgent.framework/Versions/A/TrustEvaluationAgent
0x000000011f118000 	cl_kernels
0x000000011f11a000 	/System/Library/Frameworks/OpenCL.framework/Versions/A/Libraries/ImageFormats/unorm8_bgra.dylib
0x000000011f109000 	cl_kernels
0x0000000000a84000 	/System/Library/PrivateFrameworks/FamilyControls.framework/Versions/A/FamilyControls
0x0000000000a84000 	/System/Library/PrivateFrameworks/CommerceKit.framework/Versions/A/Frameworks/CommerceCore.framework/Versions/A/CommerceCore
0x0000000000a84000 	/System/Library/PrivateFrameworks/SystemAdministration.framework/Versions/A/SystemAdministration
0x0000000000a84000 	/System/Library/PrivateFrameworks/AppContainer.framework/Versions/A/AppContainer
0x0000000000a84000 	/System/Library/PrivateFrameworks/SecCodeWrapper.framework/Versions/A/SecCodeWrapper
0x0000000000a84000 	/System/Library/Frameworks/DirectoryService.framework/Versions/A/DirectoryService
0x0000000000a84000 	/System/Library/PrivateFrameworks/LoginUIKit.framework/Versions/A/Frameworks/LoginUICore.framework/Versions/A/LoginUICore
0x0000000000a84000 	/usr/lib/libodfde.dylib
0x00000001203de000 	/Library/Java/JavaVirtualMachines/jdk1.8.0_25.jdk/Contents/Home/jre/lib/libfontmanager.dylib
0x000000011e53c000 	/Library/Java/JavaVirtualMachines/jdk1.8.0_25.jdk/Contents/Home/jre/lib/libosxui.dylib
0x0000000000a84000 	/System/Library/Frameworks/OpenGL.framework/Versions/A/Resources/GLEngine.bundle/GLEngine
0x0000000000a84000 	/System/Library/Frameworks/OpenGL.framework/Versions/A/Libraries/libGLProgrammability.dylib
0x0000000000000000 	/System/Library/Extensions/AppleIntelHD3000GraphicsGLDriver.bundle/Contents/MacOS/AppleIntelHD3000GraphicsGLDriver
0x000000011e546000 	/System/Library/PrivateFrameworks/GPUSupport.framework/Versions/A/Libraries/libGPUSupport.dylib
0x0000000000000000 	/System/Library/Extensions/AMDRadeonX3000GLDriver.bundle/Contents/MacOS/AMDRadeonX3000GLDriver
0x0000000000a84000 	/System/Library/PrivateFrameworks/IOAccelerator.framework/Versions/A/IOAccelerator
0x0000000000a84000 	/System/Library/PrivateFrameworks/GPUSupport.framework/Versions/A/Libraries/libGPUSupportMercury.dylib
0x0000000000a84000 	/System/Library/Frameworks/OpenGL.framework/Versions/A/Resources/GLRendererFloat.bundle/GLRendererFloat
0x0000000120da1000 	/Library/Java/JavaVirtualMachines/jdk1.8.0_25.jdk/Contents/Home/jre/lib/libnet.dylib
0x0000000120db8000 	/Library/Java/JavaVirtualMachines/jdk1.8.0_25.jdk/Contents/Home/jre/lib/libnio.dylib
0x000000012ee53000 	/Library/Java/JavaVirtualMachines/jdk1.8.0_25.jdk/Contents/Home/jre/lib/libdcpr.dylib
0x0000000000a84000 	/System/Library/PrivateFrameworks/Shortcut.framework/Versions/A/Shortcut
0x0000000000a84000 	/System/Library/PrivateFrameworks/HelpData.framework/Versions/A/HelpData
0x0000000000a84000 	/usr/lib/libtidy.A.dylib
0x000000011c14d000 	cl_kernels
0x000000011c151000 	cl_kernels
0x0000000000a84000 	/System/Library/Frameworks/Accelerate.framework/Versions/A/Frameworks/vImage.framework/Versions/A/Libraries/libCGInterfaces.dylib

VM Arguments:
jvm_args: -agentlib:jdwp=transport=dt_socket,suspend=y,address=localhost:57781 -Dfile.encoding=UTF-8 
java_command: org.paradise.etrc.ETRC
java_class_path (initial): /Volumes/MacData/Users/zhiyuangong/Documents/Dev/GIT_REPO/ETRC/ETRC/build/classes:/Applications/eclipse/plugins/org.junit_4.11.0.v201303080030/junit.jar:/Applications/eclipse/plugins/org.hamcrest.core_1.3.0.v201303031735.jar
Launcher Type: SUN_STANDARD

Environment Variables:
PATH=/usr/bin:/bin:/usr/sbin:/sbin
SHELL=/bin/bash
DISPLAY=/private/tmp/com.apple.launchd.DnCmeOFj6e/org.macosforge.xquartz:0

Signal Handlers:
SIGSEGV: [libjvm.dylib+0x579dc7], sa_mask[0]=11111111011111110111111111111111, sa_flags=SA_ONSTACK|SA_RESTART|SA_SIGINFO
SIGBUS: [libjvm.dylib+0x579dc7], sa_mask[0]=11111111011111110111111111111111, sa_flags=SA_RESTART|SA_SIGINFO
SIGFPE: [libjvm.dylib+0x45b030], sa_mask[0]=11111111011111110111111111111111, sa_flags=SA_RESTART|SA_SIGINFO
SIGPIPE: [libjvm.dylib+0x45b030], sa_mask[0]=11111111011111110111111111111111, sa_flags=SA_RESTART|SA_SIGINFO
SIGXFSZ: [libjvm.dylib+0x45b030], sa_mask[0]=11111111011111110111111111111111, sa_flags=SA_RESTART|SA_SIGINFO
SIGILL: [libjvm.dylib+0x45b030], sa_mask[0]=11111111011111110111111111111111, sa_flags=SA_RESTART|SA_SIGINFO
SIGUSR1: SIG_DFL, sa_mask[0]=00000000000000000000000000000000, sa_flags=none
SIGUSR2: [libjvm.dylib+0x45ab4e], sa_mask[0]=00100000000000000000000000000000, sa_flags=SA_RESTART|SA_SIGINFO
SIGHUP: [libjvm.dylib+0x459121], sa_mask[0]=11111111011111110111111111111111, sa_flags=SA_RESTART|SA_SIGINFO
SIGINT: [libjvm.dylib+0x459121], sa_mask[0]=11111111011111110111111111111111, sa_flags=SA_RESTART|SA_SIGINFO
SIGTERM: [libjvm.dylib+0x459121], sa_mask[0]=11111111011111110111111111111111, sa_flags=SA_RESTART|SA_SIGINFO
SIGQUIT: [libjvm.dylib+0x459121], sa_mask[0]=11111111011111110111111111111111, sa_flags=SA_RESTART|SA_SIGINFO


---------------  S Y S T E M  ---------------

OS:Bsduname:Darwin 14.3.0 Darwin Kernel Version 14.3.0: Mon Mar 23 11:59:05 PDT 2015; root:xnu-2782.20.48~5/RELEASE_X86_64 x86_64
rlimit: STACK 8192k, CORE 0k, NPROC 709, NOFILE 10240, AS infinity
load average:1.92 2.16 2.15

CPU:total 8 (4 cores per cpu, 2 threads per core) family 6 model 42 stepping 7, cmov, cx8, fxsr, mmx, sse, sse2, sse3, ssse3, sse4.1, sse4.2, popcnt, avx, aes, clmul, ht, tsc, tscinvbit

Memory: 4k page, physical 8388608k(200136k free)

/proc/meminfo:


vm_info: Java HotSpot(TM) 64-Bit Server VM (25.25-b02) for bsd-amd64 JRE (1.8.0_25-b17), built on Sep 17 2014 16:56:50 by "java_re" with gcc 4.2.1 (Based on Apple Inc. build 5658) (LLVM build 2336.11.00)

time: Mon May 11 19:54:12 2015
elapsed time: 137 seconds (0d 0h 2m 17s)

